c:\users\desmo\desktop\coding\c++\imguiapps\myapplication\examples\calculatorapp\debug\vc143.pdb
c:\users\desmo\desktop\coding\c++\imguiapps\myapplication\examples\calculatorapp\debug\vc143.idb
c:\users\desmo\desktop\coding\c++\imguiapps\myapplication\examples\calculatorapp\debug\main.obj
c:\users\desmo\desktop\coding\c++\imguiapps\myapplication\examples\calculatorapp\debug\calculator.obj
c:\users\desmo\desktop\coding\c++\imguiapps\myapplication\examples\calculatorapp\debug\imgui_impl_opengl3.obj
c:\users\desmo\desktop\coding\c++\imguiapps\myapplication\examples\calculatorapp\debug\imgui_impl_glfw.obj
c:\users\desmo\desktop\coding\c++\imguiapps\myapplication\examples\calculatorapp\debug\imgui_widgets.obj
c:\users\desmo\desktop\coding\c++\imguiapps\myapplication\examples\calculatorapp\debug\imgui_tables.obj
c:\users\desmo\desktop\coding\c++\imguiapps\myapplication\examples\calculatorapp\debug\imgui_draw.obj
c:\users\desmo\desktop\coding\c++\imguiapps\myapplication\examples\calculatorapp\debug\imgui_demo.obj
c:\users\desmo\desktop\coding\c++\imguiapps\myapplication\examples\calculatorapp\debug\imgui.obj
c:\users\desmo\desktop\coding\c++\imguiapps\myapplication\examples\calculatorapp\debug\calculator.exe
c:\users\desmo\desktop\coding\c++\imguiapps\myapplication\examples\calculatorapp\debug\calculator.pdb
c:\users\desmo\desktop\coding\c++\imguiapps\myapplication\examples\calculatorapp\debug\calculator.ilk
c:\users\desmo\desktop\coding\c++\imguiapps\myapplication\examples\calculatorapp\debug\calculator.vcxproj.filelistabsolute.txt
c:\users\desmo\desktop\coding\c++\imguiapps\myapplication\examples\calculatorapp\debug\calculator.tlog\cl.command.1.tlog
c:\users\desmo\desktop\coding\c++\imguiapps\myapplication\examples\calculatorapp\debug\calculator.tlog\cl.items.tlog
c:\users\desmo\desktop\coding\c++\imguiapps\myapplication\examples\calculatorapp\debug\calculator.tlog\cl.read.1.tlog
c:\users\desmo\desktop\coding\c++\imguiapps\myapplication\examples\calculatorapp\debug\calculator.tlog\cl.write.1.tlog
c:\users\desmo\desktop\coding\c++\imguiapps\myapplication\examples\calculatorapp\debug\calculator.tlog\link.command.1.tlog
c:\users\desmo\desktop\coding\c++\imguiapps\myapplication\examples\calculatorapp\debug\calculator.tlog\link.read.1.tlog
c:\users\desmo\desktop\coding\c++\imguiapps\myapplication\examples\calculatorapp\debug\calculator.tlog\link.secondary.1.tlog
c:\users\desmo\desktop\coding\c++\imguiapps\myapplication\examples\calculatorapp\debug\calculator.tlog\link.write.1.tlog
